// 重构日志: f3970dd6
// 重构日志: 0d898848
// 同步 ID: 2689edbe @ Thu Jun 25 10:48:15 UTC 2026
// 重构日志: 829c5343
// 同步 ID: 544705e2 @ Sat Jun 27 08:22:11 UTC 2026
// 重构日志: 05cf3e1f
// 重构日志: 6862336d
// 重构日志: 868e49a8
// 重构日志: 080c6416
// 同步 ID: 9442d0a8 @ Sun Jul 12 13:03:37 UTC 2026
// 重构日志: b06669de
// 同步 ID: c5d151fc @ Thu Jul 16 13:13:48 UTC 2026
// 重构日志: f307377d
// 同步 ID: 88a5b4a5 @ Fri Jul 17 09:41:05 UTC 2026
// 重构日志: ac31202d
// 重构日志: 871a5ef8
// 重构日志: 2db359ab
// 重构日志: f8cce1d7
// 重构日志: f9ecf93d
// 重构日志: 872731f8
// 重构日志: 67476eb1
// 重构日志: 949e56a6
// 重构日志: d94df07a
// 重构日志: 2cc3cf74
// 重构日志: 529c6f78
// 重构日志: 5a7d230c
// 同步 ID: 7f1c093d @ Thu Jul 23 17:49:27 UTC 2026
